# JRE version: Java(TM) SE Runtime Environment (8.0_131-b11) (build 1.8.0_131-b11)
# Java VM: Java HotSpot(TM) 64-Bit Server VM (25.131-b11 mixed mode windows-amd64 compressed oops)
Heap:
 PSYoungGen      total 276480K, used 62459K [0x00000000d5d00000, 0x00000000f4f00000, 0x0000000100000000)
  eden space 252928K, 15% used [0x00000000d5d00000,0x00000000d83017b0,0x00000000e5400000)
  from space 23552K, 99% used [0x00000000e5400000,0x00000000e6afd4b0,0x00000000e6b00000)
  to   space 28160K, 0% used [0x00000000f3380000,0x00000000f3380000,0x00000000f4f00000)
 ParOldGen       total 115712K, used 76920K [0x0000000081600000, 0x0000000088700000, 0x00000000d5d00000)
  object space 115712K, 66% used [0x0000000081600000,0x000000008611e198,0x0000000088700000)
 Metaspace       used 26993K, capacity 27954K, committed 28160K, reserved 1073152K
  class space    used 3276K, capacity 3528K, committed 3584K, reserved 1048576K
GC Heap History (10 events):
Event: 1.888 GC heap before
{Heap before GC invocations=8 (full 1):
 PSYoungGen      total 148480K, used 1257K [0x00000000d5d00000, 0x00000000e8200000, 0x0000000100000000)
  eden space 133120K, 0% used [0x00000000d5d00000,0x00000000d5d00000,0x00000000ddf00000)
  from space 15360K, 8% used [0x00000000ddf00000,0x00000000de03a768,0x00000000dee00000)
  to   space 16896K, 0% used [0x00000000e7180000,0x00000000e7180000,0x00000000e8200000)
 ParOldGen       total 87552K, used 40054K [0x0000000081600000, 0x0000000086b80000, 0x00000000d5d00000)
  object space 87552K, 45% used [0x0000000081600000,0x0000000083d1db48,0x0000000086b80000)
 Metaspace       used 20459K, capacity 21130K, committed 21296K, reserved 1067008K
  class space    used 2681K, capacity 2874K, committed 2944K, reserved 1048576K
Event: 1.913 GC heap after
Heap after GC invocations=8 (full 1):
 PSYoungGen      total 148480K, used 0K [0x00000000d5d00000, 0x00000000e8200000, 0x0000000100000000)
  eden space 133120K, 0% used [0x00000000d5d00000,0x00000000d5d00000,0x00000000ddf00000)
  from space 15360K, 0% used [0x00000000ddf00000,0x00000000ddf00000,0x00000000dee00000)
  to   space 16896K, 0% used [0x00000000e7180000,0x00000000e7180000,0x00000000e8200000)
 ParOldGen       total 59904K, used 11640K [0x0000000081600000, 0x0000000085080000, 0x00000000d5d00000)
  object space 59904K, 19% used [0x0000000081600000,0x000000008215e3b8,0x0000000085080000)
 Metaspace       used 20455K, capacity 21118K, committed 21296K, reserved 1067008K
  class space    used 2680K, capacity 2872K, committed 2944K, reserved 1048576K
}
Event: 6.325 GC heap before
{Heap before GC invocations=9 (full 1):
 PSYoungGen      total 148480K, used 132947K [0x00000000d5d00000, 0x00000000e8200000, 0x0000000100000000)
  eden space 133120K, 99% used [0x00000000d5d00000,0x00000000dded4e00,0x00000000ddf00000)
  from space 15360K, 0% used [0x00000000ddf00000,0x00000000ddf00000,0x00000000dee00000)
  to   space 16896K, 0% used [0x00000000e7180000,0x00000000e7180000,0x00000000e8200000)
 ParOldGen       total 59904K, used 11640K [0x0000000081600000, 0x0000000085080000, 0x00000000d5d00000)
  object space 59904K, 19% used [0x0000000081600000,0x000000008215e3b8,0x0000000085080000)
 Metaspace       used 23437K, capacity 24202K, committed 24320K, reserved 1071104K
  class space    used 3021K, capacity 3236K, committed 3328K, reserved 1048576K
Event: 6.342 GC heap after
Heap after GC invocations=9 (full 1):
 PSYoungGen      total 148480K, used 132947K [0x00000000d5d00000, 0x00000000e8200000, 0x0000000100000000)
  eden space 133120K, 99% used [0x00000000d5d00000,0x00000000dded4e00,0x00000000ddf00000)
  from space 15360K, 0% used [0x00000000ddf00000,0x00000000ddf00000,0x00000000dee00000)
  to   space 16896K, 99% used [0x00000000e7180000,0x00000000e81fcf28,0x00000000e8200000)
 ParOldGen       total 64000K, used 63899K [0x0000000081600000, 0x0000000085480000, 0x00000000d5d00000)
  object space 64000K, 99% used [0x0000000081600000,0x0000000085466fa8,0x0000000085480000)
 Metaspace       used 23437K, capacity 24202K, committed 24320K, reserved 1071104K
  class space    used 3021K, capacity 3236K, committed 3328K, reserved 1048576K
}
Event: 6.342 GC heap before
{Heap before GC invocations=10 (full 2):
 PSYoungGen      total 148480K, used 132947K [0x00000000d5d00000, 0x00000000e8200000, 0x0000000100000000)
  eden space 133120K, 99% used [0x00000000d5d00000,0x00000000dded4e00,0x00000000ddf00000)
  from space 15360K, 0% used [0x00000000ddf00000,0x00000000ddf00000,0x00000000dee00000)
  to   space 16896K, 99% used [0x00000000e7180000,0x00000000e81fcf28,0x00000000e8200000)
 ParOldGen       total 64000K, used 63899K [0x0000000081600000, 0x0000000085480000, 0x00000000d5d00000)
  object space 64000K, 99% used [0x0000000081600000,0x0000000085466fa8,0x0000000085480000)
 Metaspace       used 23437K, capacity 24202K, committed 24320K, reserved 1071104K
  class space    used 3021K, capacity 3236K, committed 3328K, reserved 1048576K
Event: 6.419 GC heap after
Heap after GC invocations=10 (full 2):
 PSYoungGen      total 148480K, used 25689K [0x00000000d5d00000, 0x00000000e8200000, 0x0000000100000000)
  eden space 133120K, 19% used [0x00000000d5d00000,0x00000000d7616590,0x00000000ddf00000)
  from space 15360K, 0% used [0x00000000ddf00000,0x00000000ddf00000,0x00000000dee00000)
  to   space 16896K, 0% used [0x00000000e7180000,0x00000000e7180000,0x00000000e8200000)
 ParOldGen       total 115712K, used 63706K [0x0000000081600000, 0x0000000088700000, 0x00000000d5d00000)
  object space 115712K, 55% used [0x0000000081600000,0x0000000085436a58,0x0000000088700000)
 Metaspace       used 23437K, capacity 24202K, committed 24320K, reserved 1071104K
  class space    used 3021K, capacity 3236K, committed 3328K, reserved 1048576K
}
Event: 11.418 GC heap before
{Heap before GC invocations=11 (full 2):
 PSYoungGen      total 148480K, used 133120K [0x00000000d5d00000, 0x00000000e8200000, 0x0000000100000000)
  eden space 133120K, 100% used [0x00000000d5d00000,0x00000000ddf00000,0x00000000ddf00000)
  from space 15360K, 0% used [0x00000000ddf00000,0x00000000ddf00000,0x00000000dee00000)
  to   space 16896K, 0% used [0x00000000e7180000,0x00000000e7180000,0x00000000e8200000)
 ParOldGen       total 115712K, used 63706K [0x0000000081600000, 0x0000000088700000, 0x00000000d5d00000)
  object space 115712K, 55% used [0x0000000081600000,0x0000000085436a58,0x0000000088700000)
 Metaspace       used 25221K, capacity 26136K, committed 26240K, reserved 1073152K
  class space    used 3181K, capacity 3429K, committed 3456K, reserved 1048576K
Event: 11.428 GC heap after
Heap after GC invocations=11 (full 2):
 PSYoungGen      total 265216K, used 16890K [0x00000000d5d00000, 0x00000000e8200000, 0x0000000100000000)
  eden space 248320K, 0% used [0x00000000d5d00000,0x00000000d5d00000,0x00000000e4f80000)
  from space 16896K, 99% used [0x00000000e7180000,0x00000000e81feb88,0x00000000e8200000)
  to   space 23552K, 0% used [0x00000000e5400000,0x00000000e5400000,0x00000000e6b00000)
 ParOldGen       total 115712K, used 74136K [0x0000000081600000, 0x0000000088700000, 0x00000000d5d00000)
  object space 115712K, 64% used [0x0000000081600000,0x0000000085e66118,0x0000000088700000)
 Metaspace       used 25221K, capacity 26136K, committed 26240K, reserved 1073152K
  class space    used 3181K, capacity 3429K, committed 3456K, reserved 1048576K
}
Event: 22.804 GC heap before
{Heap before GC invocations=12 (full 2):
 PSYoungGen      total 265216K, used 264744K [0x00000000d5d00000, 0x00000000e8200000, 0x0000000100000000)
  eden space 248320K, 99% used [0x00000000d5d00000,0x00000000e4f0b6d0,0x00000000e4f80000)
  from space 16896K, 99% used [0x00000000e7180000,0x00000000e81feb88,0x00000000e8200000)
  to   space 23552K, 0% used [0x00000000e5400000,0x00000000e5400000,0x00000000e6b00000)
 ParOldGen       total 115712K, used 74136K [0x0000000081600000, 0x0000000088700000, 0x00000000d5d00000)
  object space 115712K, 64% used [0x0000000081600000,0x0000000085e66118,0x0000000088700000)
 Metaspace       used 26892K, capacity 27876K, committed 28160K, reserved 1073152K
  class space    used 3274K, capacity 3527K, committed 3584K, reserved 1048576K
Event: 22.822 GC heap after
Heap after GC invocations=12 (full 2):
 PSYoungGen      total 276480K, used 23541K [0x00000000d5d00000, 0x00000000f4f00000, 0x0000000100000000)
  eden space 252928K, 0% used [0x00000000d5d00000,0x00000000d5d00000,0x00000000e5400000)
  from space 23552K, 99% used [0x00000000e5400000,0x00000000e6afd4b0,0x00000000e6b00000)
  to   space 28160K, 0% used [0x00000000f3380000,0x00000000f3380000,0x00000000f4f00000)
 ParOldGen       total 115712K, used 76920K [0x0000000081600000, 0x0000000088700000, 0x00000000d5d00000)
  object space 115712K, 66% used [0x0000000081600000,0x000000008611e198,0x0000000088700000)
 Metaspace       used 26892K, capacity 27876K, committed 28160K, reserved 1073152K
  class space    used 3274K, capacity 3527K, committed 3584K, reserved 1048576K
}

