# JRE version: Java(TM) SE Runtime Environment (8.0_131-b11) (build 1.8.0_131-b11)
# Java VM: Java HotSpot(TM) 64-Bit Server VM (25.131-b11 mixed mode windows-amd64 compressed oops)
Heap:
 PSYoungGen      total 259584K, used 124778K [0x00000000d5d00000, 0x00000000e7580000, 0x0000000100000000)
  eden space 251904K, 46% used [0x00000000d5d00000,0x00000000dcfacb70,0x00000000e5300000)
  from space 7680K, 95% used [0x00000000e6e00000,0x00000000e752dff8,0x00000000e7580000)
  to   space 12800K, 0% used [0x00000000e5c80000,0x00000000e5c80000,0x00000000e6900000)
 ParOldGen       total 57856K, used 12493K [0x0000000081600000, 0x0000000084e80000, 0x00000000d5d00000)
  object space 57856K, 21% used [0x0000000081600000,0x0000000082233498,0x0000000084e80000)
 Metaspace       used 24681K, capacity 25700K, committed 25856K, reserved 1071104K
  class space    used 3235K, capacity 3484K, committed 3584K, reserved 1048576K
GC Heap History (10 events):
Event: 3.679 GC heap before
{Heap before GC invocations=5 (full 0):
 PSYoungGen      total 71680K, used 71556K [0x00000000d5d00000, 0x00000000da800000, 0x0000000100000000)
  eden space 66560K, 99% used [0x00000000d5d00000,0x00000000d9de5b78,0x00000000d9e00000)
  from space 5120K, 99% used [0x00000000da300000,0x00000000da7fb4a8,0x00000000da800000)
  to   space 5120K, 0% used [0x00000000d9e00000,0x00000000d9e00000,0x00000000da300000)
 ParOldGen       total 87552K, used 9071K [0x0000000081600000, 0x0000000086b80000, 0x00000000d5d00000)
  object space 87552K, 10% used [0x0000000081600000,0x0000000081edbcb0,0x0000000086b80000)
 Metaspace       used 20027K, capacity 20668K, committed 20864K, reserved 1067008K
  class space    used 2669K, capacity 2842K, committed 2944K, reserved 1048576K
Event: 3.683 GC heap after
Heap after GC invocations=5 (full 0):
 PSYoungGen      total 71680K, used 5106K [0x00000000d5d00000, 0x00000000dfa00000, 0x0000000100000000)
  eden space 66560K, 0% used [0x00000000d5d00000,0x00000000d5d00000,0x00000000d9e00000)
  from space 5120K, 99% used [0x00000000d9e00000,0x00000000da2fcb20,0x00000000da300000)
  to   space 13824K, 0% used [0x00000000dec80000,0x00000000dec80000,0x00000000dfa00000)
 ParOldGen       total 87552K, used 9095K [0x0000000081600000, 0x0000000086b80000, 0x00000000d5d00000)
  object space 87552K, 10% used [0x0000000081600000,0x0000000081ee1cb0,0x0000000086b80000)
 Metaspace       used 20027K, capacity 20668K, committed 20864K, reserved 1067008K
  class space    used 2669K, capacity 2842K, committed 2944K, reserved 1048576K
}
Event: 3.693 GC heap before
{Heap before GC invocations=6 (full 0):
 PSYoungGen      total 71680K, used 71503K [0x00000000d5d00000, 0x00000000dfa00000, 0x0000000100000000)
  eden space 66560K, 99% used [0x00000000d5d00000,0x00000000d9dd72b0,0x00000000d9e00000)
  from space 5120K, 99% used [0x00000000d9e00000,0x00000000da2fcb20,0x00000000da300000)
  to   space 13824K, 0% used [0x00000000dec80000,0x00000000dec80000,0x00000000dfa00000)
 ParOldGen       total 87552K, used 9095K [0x0000000081600000, 0x0000000086b80000, 0x00000000d5d00000)
  object space 87552K, 10% used [0x0000000081600000,0x0000000081ee1cb0,0x0000000086b80000)
 Metaspace       used 20027K, capacity 20668K, committed 20864K, reserved 1067008K
  class space    used 2669K, capacity 2842K, committed 2944K, reserved 1048576K
Event: 3.696 GC heap after
Heap after GC invocations=6 (full 0):
 PSYoungGen      total 145920K, used 5104K [0x00000000d5d00000, 0x00000000df900000, 0x0000000100000000)
  eden space 133120K, 0% used [0x00000000d5d00000,0x00000000d5d00000,0x00000000ddf00000)
  from space 12800K, 39% used [0x00000000dec80000,0x00000000df17c188,0x00000000df900000)
  to   space 13312K, 0% used [0x00000000ddf00000,0x00000000ddf00000,0x00000000dec00000)
 ParOldGen       total 87552K, used 9103K [0x0000000081600000, 0x0000000086b80000, 0x00000000d5d00000)
  object space 87552K, 10% used [0x0000000081600000,0x0000000081ee3cb0,0x0000000086b80000)
 Metaspace       used 20027K, capacity 20668K, committed 20864K, reserved 1067008K
  class space    used 2669K, capacity 2842K, committed 2944K, reserved 1048576K
}
Event: 4.268 GC heap before
{Heap before GC invocations=7 (full 0):
 PSYoungGen      total 145920K, used 96661K [0x00000000d5d00000, 0x00000000df900000, 0x0000000100000000)
  eden space 133120K, 68% used [0x00000000d5d00000,0x00000000db6695e0,0x00000000ddf00000)
  from space 12800K, 39% used [0x00000000dec80000,0x00000000df17c188,0x00000000df900000)
  to   space 13312K, 0% used [0x00000000ddf00000,0x00000000ddf00000,0x00000000dec00000)
 ParOldGen       total 87552K, used 9103K [0x0000000081600000, 0x0000000086b80000, 0x00000000d5d00000)
  object space 87552K, 10% used [0x0000000081600000,0x0000000081ee3cb0,0x0000000086b80000)
 Metaspace       used 20571K, capacity 21224K, committed 21296K, reserved 1067008K
  class space    used 2724K, capacity 2890K, committed 2944K, reserved 1048576K
Event: 4.273 GC heap after
Heap after GC invocations=7 (full 0):
 PSYoungGen      total 146432K, used 2497K [0x00000000d5d00000, 0x00000000e7b00000, 0x0000000100000000)
  eden space 133120K, 0% used [0x00000000d5d00000,0x00000000d5d00000,0x00000000ddf00000)
  from space 13312K, 18% used [0x00000000ddf00000,0x00000000de170480,0x00000000dec00000)
  to   space 13312K, 0% used [0x00000000e6e00000,0x00000000e6e00000,0x00000000e7b00000)
 ParOldGen       total 87552K, used 13938K [0x0000000081600000, 0x0000000086b80000, 0x00000000d5d00000)
  object space 87552K, 15% used [0x0000000081600000,0x000000008239ca70,0x0000000086b80000)
 Metaspace       used 20571K, capacity 21224K, committed 21296K, reserved 1067008K
  class space    used 2724K, capacity 2890K, committed 2944K, reserved 1048576K
}
Event: 4.273 GC heap before
{Heap before GC invocations=8 (full 1):
 PSYoungGen      total 146432K, used 2497K [0x00000000d5d00000, 0x00000000e7b00000, 0x0000000100000000)
  eden space 133120K, 0% used [0x00000000d5d00000,0x00000000d5d00000,0x00000000ddf00000)
  from space 13312K, 18% used [0x00000000ddf00000,0x00000000de170480,0x00000000dec00000)
  to   space 13312K, 0% used [0x00000000e6e00000,0x00000000e6e00000,0x00000000e7b00000)
 ParOldGen       total 87552K, used 13938K [0x0000000081600000, 0x0000000086b80000, 0x00000000d5d00000)
  object space 87552K, 15% used [0x0000000081600000,0x000000008239ca70,0x0000000086b80000)
 Metaspace       used 20571K, capacity 21224K, committed 21296K, reserved 1067008K
  class space    used 2724K, capacity 2890K, committed 2944K, reserved 1048576K
Event: 4.323 GC heap after
Heap after GC invocations=8 (full 1):
 PSYoungGen      total 146432K, used 0K [0x00000000d5d00000, 0x00000000e7b00000, 0x0000000100000000)
  eden space 133120K, 0% used [0x00000000d5d00000,0x00000000d5d00000,0x00000000ddf00000)
  from space 13312K, 0% used [0x00000000ddf00000,0x00000000ddf00000,0x00000000dec00000)
  to   space 13312K, 0% used [0x00000000e6e00000,0x00000000e6e00000,0x00000000e7b00000)
 ParOldGen       total 57856K, used 12485K [0x0000000081600000, 0x0000000084e80000, 0x00000000d5d00000)
  object space 57856K, 21% used [0x0000000081600000,0x0000000082231498,0x0000000084e80000)
 Metaspace       used 20564K, capacity 21212K, committed 21296K, reserved 1067008K
  class space    used 2723K, capacity 2888K, committed 2944K, reserved 1048576K
}
Event: 21.382 GC heap before
{Heap before GC invocations=9 (full 1):
 PSYoungGen      total 146432K, used 133120K [0x00000000d5d00000, 0x00000000e7b00000, 0x0000000100000000)
  eden space 133120K, 100% used [0x00000000d5d00000,0x00000000ddf00000,0x00000000ddf00000)
  from space 13312K, 0% used [0x00000000ddf00000,0x00000000ddf00000,0x00000000dec00000)
  to   space 13312K, 0% used [0x00000000e6e00000,0x00000000e6e00000,0x00000000e7b00000)
 ParOldGen       total 57856K, used 12485K [0x0000000081600000, 0x0000000084e80000, 0x00000000d5d00000)
  object space 57856K, 21% used [0x0000000081600000,0x0000000082231498,0x0000000084e80000)
 Metaspace       used 24348K, capacity 25324K, committed 25600K, reserved 1071104K
  class space    used 3223K, capacity 3474K, committed 3584K, reserved 1048576K
Event: 21.387 GC heap after
Heap after GC invocations=9 (full 1):
 PSYoungGen      total 259584K, used 7351K [0x00000000d5d00000, 0x00000000e7580000, 0x0000000100000000)
  eden space 251904K, 0% used [0x00000000d5d00000,0x00000000d5d00000,0x00000000e5300000)
  from space 7680K, 95% used [0x00000000e6e00000,0x00000000e752dff8,0x00000000e7580000)
  to   space 12800K, 0% used [0x00000000e5c80000,0x00000000e5c80000,0x00000000e6900000)
 ParOldGen       total 57856K, used 12493K [0x0000000081600000, 0x0000000084e80000, 0x00000000d5d00000)
  object space 57856K, 21% used [0x0000000081600000,0x0000000082233498,0x0000000084e80000)
 Metaspace       used 24348K, capacity 25324K, committed 25600K, reserved 1071104K
  class space    used 3223K, capacity 3474K, committed 3584K, reserved 1048576K
}

